<?xml version="1.0" encoding="UTF-8"?>
<!-- Generated by org.testng.reporters.JUnitReportReporter -->
<testsuite skipped="0" hostname="BillGates" name="TestJen.NewTest" tests="1" failures="0" timestamp="16 Jun 2017 18:31:34 GMT" time="0.028" errors="0">
  <testcase name="Test" time="0.028" classname="TestJen.NewTest"/>
</testsuite> <!-- TestJen.NewTest -->
